[debug] [2026-05-24T09:36:22.921Z] ----------------------------------------------------------------------
[debug] [2026-05-24T09:36:22.926Z] Command:       C:\Program Files\nodejs\node.exe C:\Users\sereitepy.or\AppData\Roaming\npm\node_modules\firebase-tools\lib\bin\firebase.js deploy --only firestore,storage
[debug] [2026-05-24T09:36:22.927Z] CLI Version:   15.18.0
[debug] [2026-05-24T09:36:22.927Z] Platform:      win32
[debug] [2026-05-24T09:36:22.927Z] Node Version:  v24.14.0
[debug] [2026-05-24T09:36:22.927Z] Time:          Sun May 24 2026 16:36:22 GMT+0700 (Indochina Time)
[debug] [2026-05-24T09:36:22.927Z] ----------------------------------------------------------------------
[debug] 
[debug] [2026-05-24T09:36:26.101Z] > command requires scopes: ["email","openid","https://www.googleapis.com/auth/cloudplatformprojects.readonly","https://www.googleapis.com/auth/firebase","https://www.googleapis.com/auth/cloud-platform"]
[debug] [2026-05-24T09:36:26.102Z] > authorizing via signed-in user (sereitepy.or@wingbank.com.kh)
[debug] [2026-05-24T09:36:26.102Z] [iam] checking project learning-ccc97 for permissions ["datastore.indexes.create","datastore.indexes.delete","datastore.indexes.list","datastore.indexes.update","firebase.projects.get","firebaserules.releases.create","firebaserules.releases.update","firebaserules.rulesets.create"]
[debug] [2026-05-24T09:36:26.105Z] Checked if tokens are valid: true, expires at: 1779617457074
[debug] [2026-05-24T09:36:26.105Z] Checked if tokens are valid: true, expires at: 1779617457074
[debug] [2026-05-24T09:36:26.106Z] >>> [apiv2][query] POST https://cloudresourcemanager.googleapis.com/v1/projects/learning-ccc97:testIamPermissions [none]
[debug] [2026-05-24T09:36:26.106Z] >>> [apiv2][(partial)header] POST https://cloudresourcemanager.googleapis.com/v1/projects/learning-ccc97:testIamPermissions  x-goog-user-project=learning-ccc97
[debug] [2026-05-24T09:36:26.106Z] >>> [apiv2][body] POST https://cloudresourcemanager.googleapis.com/v1/projects/learning-ccc97:testIamPermissions {"permissions":["datastore.indexes.create","datastore.indexes.delete","datastore.indexes.list","datastore.indexes.update","firebase.projects.get","firebaserules.releases.create","firebaserules.releases.update","firebaserules.rulesets.create"]}
[debug] [2026-05-24T09:36:57.197Z] *** [apiv2] error from fetch(https://cloudresourcemanager.googleapis.com/v1/projects/learning-ccc97:testIamPermissions, {"headers":{},"method":"POST","body":"{\"permissions\":[\"datastore.indexes.create\",\"datastore.indexes.delete\",\"datastore.indexes.list\",\"datastore.indexes.update\",\"firebase.projects.get\",\"firebaserules.releases.create\",\"firebaserules.releases.update\",\"firebaserules.rulesets.create\"]}"}): FetchError: request to https://cloudresourcemanager.googleapis.com/v1/projects/learning-ccc97:testIamPermissions failed, reason: Client network socket disconnected before secure TLS connection was established
[debug] [2026-05-24T09:36:57.198Z] [iam] error while checking permissions, command may fail: Failed to make request to https://cloudresourcemanager.googleapis.com/v1/projects/learning-ccc97:testIamPermissions
[info] 
[info] === Deploying to 'learning-ccc97'...
[info] 
[info] i  deploying storage, firestore 
[info] i  storage: ensuring required API firebasestorage.googleapis.com is enabled... 
[debug] [2026-05-24T09:36:57.209Z] Checked if tokens are valid: true, expires at: 1779617457074
[debug] [2026-05-24T09:36:57.210Z] Checked if tokens are valid: true, expires at: 1779617457074
[debug] [2026-05-24T09:36:57.210Z] >>> [apiv2][query] GET https://firebasestorage.googleapis.com/v1alpha/projects/learning-ccc97/defaultBucket [none]
[debug] [2026-05-24T09:36:58.537Z] <<< [apiv2][status] GET https://firebasestorage.googleapis.com/v1alpha/projects/learning-ccc97/defaultBucket 404
[debug] [2026-05-24T09:36:58.537Z] <<< [apiv2][body] GET https://firebasestorage.googleapis.com/v1alpha/projects/learning-ccc97/defaultBucket {"error":{"code":404,"message":"Requested entity was not found.","status":"NOT_FOUND"}}
[debug] [2026-05-24T09:37:03.572Z] Error: Timed out.
    at Timeout._onTimeout (C:\Users\sereitepy.or\AppData\Roaming\npm\node_modules\firebase-tools\lib\utils.js:309:49)
    at listOnTimeout (node:internal/timers:605:17)
    at process.processTimers (node:internal/timers:541:7)
[error] 
[error] Error: An unexpected error has occurred.
[debug] [2026-05-24T09:58:19.817Z] ----------------------------------------------------------------------
[debug] [2026-05-24T09:58:19.823Z] Command:       C:\Program Files\nodejs\node.exe C:\Users\sereitepy.or\AppData\Roaming\npm\node_modules\firebase-tools\lib\bin\firebase.js deploy --only firestore,storage
[debug] [2026-05-24T09:58:19.823Z] CLI Version:   15.18.0
[debug] [2026-05-24T09:58:19.823Z] Platform:      win32
[debug] [2026-05-24T09:58:19.823Z] Node Version:  v24.14.0
[debug] [2026-05-24T09:58:19.823Z] Time:          Sun May 24 2026 16:58:19 GMT+0700 (Indochina Time)
[debug] [2026-05-24T09:58:19.824Z] ----------------------------------------------------------------------
[debug] 
[debug] [2026-05-24T09:58:22.609Z] > command requires scopes: ["email","openid","https://www.googleapis.com/auth/cloudplatformprojects.readonly","https://www.googleapis.com/auth/firebase","https://www.googleapis.com/auth/cloud-platform"]
[debug] [2026-05-24T09:58:22.609Z] > authorizing via signed-in user (sereitepy.or@wingbank.com.kh)
[debug] [2026-05-24T09:58:22.609Z] [iam] checking project learning-ccc97 for permissions ["datastore.indexes.create","datastore.indexes.delete","datastore.indexes.list","datastore.indexes.update","firebase.projects.get","firebaserules.releases.create","firebaserules.releases.update","firebaserules.rulesets.create"]
[debug] [2026-05-24T09:58:22.611Z] Checked if tokens are valid: false, expires at: 1779617457074
[debug] [2026-05-24T09:58:22.611Z] Checked if tokens are valid: false, expires at: 1779617457074
[debug] [2026-05-24T09:58:22.611Z] > refreshing access token with scopes: []
[debug] [2026-05-24T09:58:22.613Z] >>> [apiv2][query] POST https://www.googleapis.com/oauth2/v3/token [none]
[debug] [2026-05-24T09:58:22.613Z] >>> [apiv2][body] POST https://www.googleapis.com/oauth2/v3/token [omitted]
[debug] [2026-05-24T09:58:23.088Z] <<< [apiv2][status] POST https://www.googleapis.com/oauth2/v3/token 200
[debug] [2026-05-24T09:58:23.089Z] <<< [apiv2][body] POST https://www.googleapis.com/oauth2/v3/token [omitted]
[debug] [2026-05-24T09:58:23.132Z] >>> [apiv2][query] POST https://cloudresourcemanager.googleapis.com/v1/projects/learning-ccc97:testIamPermissions [none]
[debug] [2026-05-24T09:58:23.133Z] >>> [apiv2][(partial)header] POST https://cloudresourcemanager.googleapis.com/v1/projects/learning-ccc97:testIamPermissions  x-goog-user-project=learning-ccc97
[debug] [2026-05-24T09:58:23.133Z] >>> [apiv2][body] POST https://cloudresourcemanager.googleapis.com/v1/projects/learning-ccc97:testIamPermissions {"permissions":["datastore.indexes.create","datastore.indexes.delete","datastore.indexes.list","datastore.indexes.update","firebase.projects.get","firebaserules.releases.create","firebaserules.releases.update","firebaserules.rulesets.create"]}
[debug] [2026-05-24T09:58:26.330Z] <<< [apiv2][status] POST https://cloudresourcemanager.googleapis.com/v1/projects/learning-ccc97:testIamPermissions 200
[debug] [2026-05-24T09:58:26.330Z] <<< [apiv2][body] POST https://cloudresourcemanager.googleapis.com/v1/projects/learning-ccc97:testIamPermissions {"permissions":["datastore.indexes.create","datastore.indexes.delete","datastore.indexes.list","datastore.indexes.update","firebase.projects.get","firebaserules.releases.create","firebaserules.releases.update","firebaserules.rulesets.create"]}
[info] 
[info] === Deploying to 'learning-ccc97'...
[info] 
[info] i  deploying storage, firestore 
[info] i  storage: ensuring required API firebasestorage.googleapis.com is enabled... 
[debug] [2026-05-24T09:58:26.342Z] Checked if tokens are valid: true, expires at: 1779620302089
[debug] [2026-05-24T09:58:26.342Z] Checked if tokens are valid: true, expires at: 1779620302089
[debug] [2026-05-24T09:58:26.342Z] >>> [apiv2][query] GET https://firebasestorage.googleapis.com/v1alpha/projects/learning-ccc97/defaultBucket [none]
[debug] [2026-05-24T09:58:34.693Z] <<< [apiv2][status] GET https://firebasestorage.googleapis.com/v1alpha/projects/learning-ccc97/defaultBucket 404
[debug] [2026-05-24T09:58:34.693Z] <<< [apiv2][body] GET https://firebasestorage.googleapis.com/v1alpha/projects/learning-ccc97/defaultBucket {"error":{"code":404,"message":"Requested entity was not found.","status":"NOT_FOUND"}}
[debug] [2026-05-24T09:58:39.722Z] Error: Timed out.
    at Timeout._onTimeout (C:\Users\sereitepy.or\AppData\Roaming\npm\node_modules\firebase-tools\lib\utils.js:309:49)
    at listOnTimeout (node:internal/timers:605:17)
    at process.processTimers (node:internal/timers:541:7)
[error] 
[error] Error: An unexpected error has occurred.
